<?xml version="1.0" encoding="UTF-8"?>
<testng-results ignored="0" total="1" passed="1" failed="0" skipped="0">
  <reporter-output>
  </reporter-output>
  <suite started-at="2019-12-20T11:25:05 PST" name="Default suite" finished-at="2019-12-20T11:25:06 PST" duration-ms="1677">
    <groups>
    </groups>
    <test started-at="2019-12-20T11:25:05 PST" name="Default test" finished-at="2019-12-20T11:25:06 PST" duration-ms="1677">
      <class name="com.restapi.test.SampleDeleteTest">
        <test-method signature="DeleteRecords()[pri:0, instance:com.restapi.test.SampleDeleteTest@5ea434c8]" started-at="2019-12-20T11:25:05 PST" name="DeleteRecords" finished-at="2019-12-20T11:25:06 PST" duration-ms="1652" status="PASS">
          <reporter-output>
          </reporter-output>
        </test-method> <!-- DeleteRecords -->
      </class> <!-- com.restapi.test.SampleDeleteTest -->
    </test> <!-- Default test -->
  </suite> <!-- Default suite -->
</testng-results>
