<?xml version="1.0" encoding="UTF-8"?>
<testng-results ignored="0" total="1" passed="1" failed="0" skipped="0">
  <reporter-output>
  </reporter-output>
  <suite started-at="2020-01-14T16:03:08 PST" name="Default suite" finished-at="2020-01-14T16:03:10 PST" duration-ms="1553">
    <groups>
    </groups>
    <test started-at="2020-01-14T16:03:08 PST" name="Default test" finished-at="2020-01-14T16:03:10 PST" duration-ms="1553">
      <class name="com.restapi.test.SampleGetTest">
        <test-method signature="GetEmployerDetails()[pri:0, instance:com.restapi.test.SampleGetTest@2145433b]" started-at="2020-01-14T16:03:08 PST" name="GetEmployerDetails" finished-at="2020-01-14T16:03:10 PST" duration-ms="1523" status="PASS">
          <reporter-output>
          </reporter-output>
        </test-method> <!-- GetEmployerDetails -->
      </class> <!-- com.restapi.test.SampleGetTest -->
    </test> <!-- Default test -->
  </suite> <!-- Default suite -->
</testng-results>
